<?xml version="1.0" encoding="UTF-8"?>
<!-- Generated by org.testng.reporters.JUnitReportReporter -->
<testsuite skipped="0" hostname="DESKTOP-EKBA8NT" name="basic.MyFirstScript" tests="1" failures="0" timestamp="22 Jan 2018 08:10:36 GMT" time="13.030" errors="0">
  <testcase name="test" time="13.030" classname="basic.MyFirstScript"/>
</testsuite> <!-- basic.MyFirstScript -->
